<?xml version="1.0" encoding="UTF-8"?>
<!-- Generated by org.testng.reporters.JUnitReportReporter -->
<testsuite skipped="0" hostname="sst-p1307484pw" name="test.FunctionalTest" tests="1" failures="0" timestamp="26 juin 2018 19:30:40 GMT" time="6.175" errors="0">
  <testcase name="Solution" time="6.175" classname="test.FunctionalTest"/>
</testsuite> <!-- test.FunctionalTest -->
